"D:/UE4 Projects/EndlessRunner/EndlessRunner/Content/_GameAssets/Audio/Explosion02.uasset" 0
"D:/UE4 Projects/EndlessRunner/EndlessRunner/Content/_GameAssets/Audio/Explosion02.uexp" 1
"D:/UE4 Projects/EndlessRunner/EndlessRunner/Content/_GameAssets/Audio/Explosion_Cue.uasset" 2
"D:/UE4 Projects/EndlessRunner/EndlessRunner/Content/_GameAssets/Audio/Explosion_Cue.uexp" 3
"../../../Engine/Content/Animation/DefaultAnimBoneCompressionSettings.uasset" 4
"../../../Engine/Content/Animation/DefaultAnimBoneCompressionSettings.uexp" 5
"D:/UE4 Projects/EndlessRunner/EndlessRunner/Content/_GameAssets/Mannequin/Mesh/UE4_Mannequin_Skeleton.uasset" 6
"D:/UE4 Projects/EndlessRunner/EndlessRunner/Content/_GameAssets/Mannequin/Mesh/UE4_Mannequin_Skeleton.uexp" 7
"D:/UE4 Projects/EndlessRunner/EndlessRunner/Content/_GameAssets/Mannequin/Animations/ThirdPerson_Jump.uasset" 8
"D:/UE4 Projects/EndlessRunner/EndlessRunner/Content/_GameAssets/Mannequin/Animations/ThirdPerson_Jump.uexp" 9
"D:/UE4 Projects/EndlessRunner/EndlessRunner/Content/_GameAssets/Meshes/Textures/T_Tech_Hex_Tile_N.uasset" 10
"D:/UE4 Projects/EndlessRunner/EndlessRunner/Content/_GameAssets/Meshes/Textures/T_Tech_Hex_Tile_N.uexp" 11
"D:/UE4 Projects/EndlessRunner/EndlessRunner/Content/_GameAssets/Meshes/Textures/T_Tech_Hex_Tile_N.ubulk" 12
"D:/UE4 Projects/EndlessRunner/EndlessRunner/Content/_GameAssets/Meshes/Textures/T_Tech_Hex_Tile_M.uasset" 13
"D:/UE4 Projects/EndlessRunner/EndlessRunner/Content/_GameAssets/Meshes/Textures/T_Tech_Hex_Tile_M.uexp" 14
"D:/UE4 Projects/EndlessRunner/EndlessRunner/Content/_GameAssets/Meshes/Textures/T_Tech_Hex_Tile_M.ubulk" 15
"../../../Engine/Content/Functions/Engine_MaterialFunctions02/Utility/BlendAngleCorrectedNormals.uasset" 16
"../../../Engine/Content/Functions/Engine_MaterialFunctions02/Utility/BlendAngleCorrectedNormals.uexp" 17
"D:/UE4 Projects/EndlessRunner/EndlessRunner/Content/_GameAssets/Meshes/Materials/M_Tech_Hex_Tile.uasset" 18
"D:/UE4 Projects/EndlessRunner/EndlessRunner/Content/_GameAssets/Meshes/Materials/M_Tech_Hex_Tile.uexp" 19
"../../../Engine/Content/Animation/DefaultAnimCurveCompressionSettings.uasset" 20
"../../../Engine/Content/Animation/DefaultAnimCurveCompressionSettings.uexp" 21
"../../../Engine/Content/EngineMaterials/T_Default_Material_Grid_N.uasset" 22
"../../../Engine/Content/EngineMaterials/T_Default_Material_Grid_N.uexp" 23
"../../../Engine/Content/EngineMaterials/T_Default_Material_Grid_N.ubulk" 24
"../../../Engine/Content/EngineMaterials/T_Default_Material_Grid_M.uasset" 25
"../../../Engine/Content/EngineMaterials/T_Default_Material_Grid_M.uexp" 26
"../../../Engine/Content/EngineMaterials/T_Default_Material_Grid_M.ubulk" 27
"../../../Engine/Content/Functions/Engine_MaterialFunctions01/Opacity/CameraDepthFade.uasset" 28
"../../../Engine/Content/Functions/Engine_MaterialFunctions01/Opacity/CameraDepthFade.uexp" 29
"../../../Engine/Content/EngineMaterials/WorldGridMaterial.uasset" 30
"../../../Engine/Content/EngineMaterials/WorldGridMaterial.uexp" 31
"../../../Engine/Content/ArtTools/RenderToTexture/Meshes/S_1_Unit_Plane.uasset" 32
"../../../Engine/Content/ArtTools/RenderToTexture/Meshes/S_1_Unit_Plane.uexp" 33
"../../../Engine/Content/EngineMaterials/DefaultMaterial.uasset" 34
"../../../Engine/Content/EngineMaterials/DefaultMaterial.uexp" 35
"../../../Engine/Content/BasicShapes/Cone.uasset" 36
"../../../Engine/Content/BasicShapes/Cone.uexp" 37
"../../../Engine/Content/BasicShapes/Cube.uasset" 38
"../../../Engine/Content/BasicShapes/Cube.uexp" 39
"../../../Engine/Content/BasicShapes/Plane.uasset" 40
"../../../Engine/Content/BasicShapes/Plane.uexp" 41
"../../../Engine/Content/BasicShapes/Sphere.uasset" 42
"../../../Engine/Content/BasicShapes/Sphere.uexp" 43
"../../../Engine/Content/EditorLandscapeResources/DataLayer.uasset" 44
"../../../Engine/Content/EditorLandscapeResources/DataLayer.uexp" 45
"../../../Engine/Content/EditorLandscapeResources/DefaultAlphaTexture.uasset" 46
"../../../Engine/Content/EditorLandscapeResources/DefaultAlphaTexture.uexp" 47
"../../../Engine/Content/EditorMaterials/MAT_Groups_Toggle.uasset" 48
"../../../Engine/Content/EditorMaterials/MAT_Groups_Toggle.uexp" 49
"../../../Engine/Content/EditorMaterials/MAT_Groups_Visibility.uasset" 50
"../../../Engine/Content/EditorMaterials/MAT_Groups_Visibility.uexp" 51
"../../../Engine/Content/EditorMaterials/PreviewShadowIndicator.uasset" 52
"../../../Engine/Content/EditorMaterials/PreviewShadowIndicator.uexp" 53
"../../../Engine/Content/EditorMaterials/PreviewShadowIndicator.ubulk" 54
"../../../Engine/Content/EditorMaterials/PreviewShadowIndicatorMaterial.uasset" 55
"../../../Engine/Content/EditorMaterials/PreviewShadowIndicatorMaterial.uexp" 56
"../../../Engine/Content/EditorMaterials/MatineeGroups/MAT_ColorTrack.uasset" 57
"../../../Engine/Content/EditorMaterials/MatineeGroups/MAT_ColorTrack.uexp" 58
"../../../Engine/Content/EditorMaterials/MatineeGroups/MAT_Groups_Anim.uasset" 59
"../../../Engine/Content/EditorMaterials/MatineeGroups/MAT_Groups_Anim.uexp" 60
"../../../Engine/Content/EditorMaterials/MatineeGroups/MAT_Groups_AudioMaster.uasset" 61
"../../../Engine/Content/EditorMaterials/MatineeGroups/MAT_Groups_AudioMaster.uexp" 62
"../../../Engine/Content/EditorMaterials/MatineeGroups/MAT_Groups_Director.uasset" 63
"../../../Engine/Content/EditorMaterials/MatineeGroups/MAT_Groups_Director.uexp" 64
"../../../Engine/Content/EditorMaterials/MatineeGroups/MAT_Groups_Event.uasset" 65
"../../../Engine/Content/EditorMaterials/MatineeGroups/MAT_Groups_Event.uexp" 66
"../../../Engine/Content/EditorMaterials/MatineeGroups/MAT_Groups_Fade.uasset" 67
"../../../Engine/Content/EditorMaterials/MatineeGroups/MAT_Groups_Fade.uexp" 68
"../../../Engine/Content/EditorMaterials/MatineeGroups/MAT_Groups_Float.uasset" 69
"../../../Engine/Content/EditorMaterials/MatineeGroups/MAT_Groups_Float.uexp" 70
"../../../Engine/Content/EditorMaterials/MatineeGroups/MAT_Groups_Move.uasset" 71
"../../../Engine/Content/EditorMaterials/MatineeGroups/MAT_Groups_Move.uexp" 72
"../../../Engine/Content/EditorMaterials/MatineeGroups/MAT_Groups_Slomo.uasset" 73
"../../../Engine/Content/EditorMaterials/MatineeGroups/MAT_Groups_Slomo.uexp" 74
"../../../Engine/Content/EditorMaterials/MatineeGroups/MAT_Groups_Sound.uasset" 75
"../../../Engine/Content/EditorMaterials/MatineeGroups/MAT_Groups_Sound.uexp" 76
"../../../Engine/Content/EditorMaterials/MatineeGroups/MAT_Groups_Vector.uasset" 77
"../../../Engine/Content/EditorMaterials/MatineeGroups/MAT_Groups_Vector.uexp" 78
"../../../Engine/Content/EditorMaterials/ParticleSystems/PSysThumbnail_NoImage.uasset" 79
"../../../Engine/Content/EditorMaterials/ParticleSystems/PSysThumbnail_NoImage.uexp" 80
"../../../Engine/Content/EditorMaterials/ParticleSystems/PSysThumbnail_NoImage.ubulk" 81
"../../../Engine/Content/EditorMaterials/ParticleSystems/PSysThumbnail_OOD.uasset" 82
"../../../Engine/Content/EditorMaterials/ParticleSystems/PSysThumbnail_OOD.uexp" 83
"../../../Engine/Content/EditorMaterials/ParticleSystems/PSysThumbnail_OOD.ubulk" 84
"../../../Engine/Content/EditorMaterials/Camera/CineMat.uasset" 85
"../../../Engine/Content/EditorMaterials/Camera/CineMat.uexp" 86
"../../../Engine/Content/EditorMaterials/Camera/MI_CineMat_Rig.uasset" 87
"../../../Engine/Content/EditorMaterials/Camera/MI_CineMat_Rig.uexp" 88
"../../../Engine/Content/EditorMeshes/Camera/SM_CraneRig_Arm.uasset" 89
"../../../Engine/Content/EditorMeshes/Camera/SM_CraneRig_Arm.uexp" 90
"../../../Engine/Content/EditorMeshes/Camera/SM_CraneRig_Base.uasset" 91
"../../../Engine/Content/EditorMeshes/Camera/SM_CraneRig_Base.uexp" 92
"../../../Engine/Content/EditorMeshes/Camera/SM_CraneRig_Body.uasset" 93
"../../../Engine/Content/EditorMeshes/Camera/SM_CraneRig_Body.uexp" 94
"../../../Engine/Content/EditorMeshes/Camera/SM_CraneRig_Mount.uasset" 95
"../../../Engine/Content/EditorMeshes/Camera/SM_CraneRig_Mount.uexp" 96
"../../../Engine/Content/EditorMeshes/Camera/SM_RailRig_Mount.uasset" 97
"../../../Engine/Content/EditorMeshes/Camera/SM_RailRig_Mount.uexp" 98
"../../../Engine/Content/EditorMeshes/Camera/SM_RailRig_Track.uasset" 99
"../../../Engine/Content/EditorMeshes/Camera/SM_RailRig_Track.uexp" 100
"../../../Engine/Content/EditorResources/BSPVertex.uasset" 101
"../../../Engine/Content/EditorResources/BSPVertex.uexp" 102
"../../../Engine/Content/EditorResources/EmptyActor.uasset" 103
"../../../Engine/Content/EditorResources/EmptyActor.uexp" 104
"../../../Engine/Content/EditorResources/S_Actor.uasset" 105
"../../../Engine/Content/EditorResources/S_Actor.uexp" 106
"../../../Engine/Content/EditorResources/S_Actor.ubulk" 107
"../../../Engine/Content/EditorResources/S_Note.uasset" 108
"../../../Engine/Content/EditorResources/S_Note.uexp" 109
"../../../Engine/Content/EditorResources/S_Note.ubulk" 110
"../../../Engine/Content/EditorResources/S_Solver.uasset" 111
"../../../Engine/Content/EditorResources/S_Solver.uexp" 112
"../../../Engine/Content/EditorResources/S_Solver.ubulk" 113
"../../../Engine/Content/EditorResources/S_Terrain.uasset" 114
"../../../Engine/Content/EditorResources/S_Terrain.uexp" 115
"../../../Engine/Content/EditorResources/S_Terrain.ubulk" 116
"../../../Engine/Content/EditorResources/S_Trigger.uasset" 117
"../../../Engine/Content/EditorResources/S_Trigger.uexp" 118
"../../../Engine/Content/EditorResources/S_Trigger.ubulk" 119
"../../../Engine/Content/EditorResources/LightIcons/S_LightError.uasset" 120
"../../../Engine/Content/EditorResources/LightIcons/S_LightError.uexp" 121
"../../../Engine/Content/EditorResources/SequenceRecorder/Countdown.uasset" 122
"../../../Engine/Content/EditorResources/SequenceRecorder/Countdown.uexp" 123
"../../../Engine/Content/EditorResources/SequenceRecorder/RecordingIndicator.uasset" 124
"../../../Engine/Content/EditorResources/SequenceRecorder/RecordingIndicator.uexp" 125
"../../../Engine/Content/EngineDamageTypes/DmgTypeBP_Environmental.uasset" 126
"../../../Engine/Content/EngineDamageTypes/DmgTypeBP_Environmental.uexp" 127
"../../../Engine/Content/EngineDebugMaterials/DebugEditorMaterial.uasset" 128
"../../../Engine/Content/EngineDebugMaterials/DebugEditorMaterial.uexp" 129
"../../../Engine/Content/EngineDebugMaterials/DebugMeshMaterial.uasset" 130
"../../../Engine/Content/EngineDebugMaterials/DebugMeshMaterial.uexp" 131
"../../../Engine/Content/EngineDebugMaterials/M_SimpleUnlitTranslucent.uasset" 132
"../../../Engine/Content/EngineDebugMaterials/M_SimpleUnlitTranslucent.uexp" 133
"../../../Engine/Content/EngineDebugMaterials/VolumeToRender.uasset" 134
"../../../Engine/Content/EngineDebugMaterials/VolumeToRender.uexp" 135
"../../../Engine/Content/Functions/Engine_MaterialFunctions02/Utility/CameraDirectionVector.uasset" 136
"../../../Engine/Content/Functions/Engine_MaterialFunctions02/Utility/CameraDirectionVector.uexp" 137
"../../../Engine/Content/EngineDebugMaterials/M_VolumeRenderSphereTracePP.uasset" 138
"../../../Engine/Content/EngineDebugMaterials/M_VolumeRenderSphereTracePP.uexp" 139
"../../../Engine/Content/Functions/Engine_MaterialFunctions01/Shading/ConvertFromDiffSpec.uasset" 140
"../../../Engine/Content/Functions/Engine_MaterialFunctions01/Shading/ConvertFromDiffSpec.uexp" 141
"../../../Engine/Content/EngineDebugMaterials/VertexColorMaterial.uasset" 142
"../../../Engine/Content/EngineDebugMaterials/VertexColorMaterial.uexp" 143
"../../../Engine/Content/EngineDebugMaterials/WireframeMaterial.uasset" 144
"../../../Engine/Content/EngineDebugMaterials/WireframeMaterial.uexp" 145
"../../../Engine/Content/EngineFonts/Faces/RobotoRegular.uasset" 146
"../../../Engine/Content/EngineFonts/Faces/RobotoRegular.uexp" 147
"../../../Engine/Content/EngineFonts/Faces/RobotoRegular.ufont" 148
"../../../Engine/Content/EngineFonts/Faces/RobotoLight.uasset" 149
"../../../Engine/Content/EngineFonts/Faces/RobotoLight.uexp" 150
"../../../Engine/Content/EngineFonts/Faces/RobotoLight.ufont" 151
"../../../Engine/Content/EngineFonts/Faces/RobotoItalic.uasset" 152
"../../../Engine/Content/EngineFonts/Faces/RobotoItalic.uexp" 153
"../../../Engine/Content/EngineFonts/Faces/RobotoItalic.ufont" 154
"../../../Engine/Content/EngineFonts/Faces/RobotoBoldItalic.uasset" 155
"../../../Engine/Content/EngineFonts/Faces/RobotoBoldItalic.uexp" 156
"../../../Engine/Content/EngineFonts/Faces/RobotoBoldItalic.ufont" 157
"../../../Engine/Content/EngineFonts/Faces/RobotoBold.uasset" 158
"../../../Engine/Content/EngineFonts/Faces/RobotoBold.uexp" 159
"../../../Engine/Content/EngineFonts/Faces/RobotoBold.ufont" 160
"../../../Engine/Content/EngineFonts/Faces/DroidSansFallback.uasset" 161
"../../../Engine/Content/EngineFonts/Faces/DroidSansFallback.uexp" 162
"../../../Engine/Content/EngineFonts/Faces/DroidSansFallback.ufont" 163
"../../../Engine/Content/EngineFonts/Roboto.uasset" 164
"../../../Engine/Content/EngineFonts/Roboto.uexp" 165
"../../../Engine/Content/EngineMaterials/BaseFlattenNormalMap.uasset" 166
"../../../Engine/Content/EngineMaterials/BaseFlattenNormalMap.uexp" 167
"../../../Engine/Content/EngineMaterials/BaseFlattenGrayscaleMap.uasset" 168
"../../../Engine/Content/EngineMaterials/BaseFlattenGrayscaleMap.uexp" 169
"../../../Engine/Content/EngineMaterials/BaseFlattenEmissiveMap.uasset" 170
"../../../Engine/Content/EngineMaterials/BaseFlattenEmissiveMap.uexp" 171
"../../../Engine/Content/EngineMaterials/BaseFlattenDiffuseMap.uasset" 172
"../../../Engine/Content/EngineMaterials/BaseFlattenDiffuseMap.uexp" 173
"../../../Engine/Content/EngineMaterials/BaseFlattenMaterial.uasset" 174
"../../../Engine/Content/EngineMaterials/BaseFlattenMaterial.uexp" 175
"../../../Engine/Content/EngineMaterials/BlueNoise.uasset" 176
"../../../Engine/Content/EngineMaterials/BlueNoise.uexp" 177
"../../../Engine/Content/EngineMaterials/DefaultBloomKernel.uasset" 178
"../../../Engine/Content/EngineMaterials/DefaultBloomKernel.uexp" 179
"../../../Engine/Content/EngineMaterials/DefaultBokeh.uasset" 180
"../../../Engine/Content/EngineMaterials/DefaultBokeh.uexp" 181
"../../../Engine/Content/EngineMaterials/DefaultDiffuse.uasset" 182
"../../../Engine/Content/EngineMaterials/DefaultDiffuse.uexp" 183
"../../../Engine/Content/EngineMaterials/DefaultDiffuse.ubulk" 184
"../../../Engine/Content/EngineMaterials/DefaultDeferredDecalMaterial.uasset" 185
"../../../Engine/Content/EngineMaterials/DefaultDeferredDecalMaterial.uexp" 186
"../../../Engine/Content/EngineMaterials/DefaultLightFunctionMaterial.uasset" 187
"../../../Engine/Content/EngineMaterials/DefaultLightFunctionMaterial.uexp" 188
"../../../Engine/Content/EngineMaterials/DefaultPhysicalMaterial.uasset" 189
"../../../Engine/Content/EngineMaterials/DefaultPhysicalMaterial.uexp" 190
"../../../Engine/Content/Functions/Engine_MaterialFunctions02/Utility/BreakOutFloat2Components.uasset" 191
"../../../Engine/Content/Functions/Engine_MaterialFunctions02/Utility/BreakOutFloat2Components.uexp" 192
"../../../Engine/Content/EngineMaterials/DefaultPostProcessMaterial.uasset" 193
"../../../Engine/Content/EngineMaterials/DefaultPostProcessMaterial.uexp" 194
"../../../Engine/Content/EngineFonts/RobotoDistanceField.uasset" 195
"../../../Engine/Content/EngineFonts/RobotoDistanceField.uexp" 196
"../../../Engine/Content/EngineMaterials/DefaultTextMaterialOpaque.uasset" 197
"../../../Engine/Content/EngineMaterials/DefaultTextMaterialOpaque.uexp" 198
"../../../Engine/Content/EngineMaterials/DefaultWhiteGrid.uasset" 199
"../../../Engine/Content/EngineMaterials/DefaultWhiteGrid.uexp" 200
"../../../Engine/Content/EngineMaterials/DefaultWhiteGrid.ubulk" 201
"../../../Engine/Content/EngineMaterials/DefaultWhiteGrid_Low.uasset" 202
"../../../Engine/Content/EngineMaterials/DefaultWhiteGrid_Low.uexp" 203
"../../../Engine/Content/EngineMaterials/EmissiveMeshMaterial.uasset" 204
"../../../Engine/Content/EngineMaterials/EmissiveMeshMaterial.uexp" 205
"../../../Engine/Content/EngineMaterials/GizmoMaterial.uasset" 206
"../../../Engine/Content/EngineMaterials/GizmoMaterial.uexp" 207
"../../../Engine/Content/EngineMaterials/Good64x64TilingNoiseHighFreq.uasset" 208
"../../../Engine/Content/EngineMaterials/Good64x64TilingNoiseHighFreq.uexp" 209
"../../../Engine/Content/EngineMaterials/MiniFont.uasset" 210
"../../../Engine/Content/EngineMaterials/MiniFont.uexp" 211
"../../../Engine/Content/EngineMaterials/InvalidLightmapSettings.uasset" 212
"../../../Engine/Content/EngineMaterials/InvalidLightmapSettings.uexp" 213
"../../../Engine/Content/EngineMaterials/InvalidLightmapSettings.ubulk" 214
"../../../Engine/Content/EngineMaterials/M_InvalidLightmapSettings.uasset" 215
"../../../Engine/Content/EngineMaterials/M_InvalidLightmapSettings.uexp" 216
"../../../Engine/Content/Functions/Engine_MaterialFunctions02/WorldPositionOffset/CameraOffset.uasset" 217
"../../../Engine/Content/Functions/Engine_MaterialFunctions02/WorldPositionOffset/CameraOffset.uexp" 218
"../../../Engine/Content/EngineMaterials/PhAT_JointLimitMaterial.uasset" 219
"../../../Engine/Content/EngineMaterials/PhAT_JointLimitMaterial.uexp" 220
"../../../Engine/Content/EngineMaterials/DefaultCalibrationColor.uasset" 221
"../../../Engine/Content/EngineMaterials/DefaultCalibrationColor.uexp" 222
"../../../Engine/Content/EngineMaterials/PPM_DefaultCalibrationColor.uasset" 223
"../../../Engine/Content/EngineMaterials/PPM_DefaultCalibrationColor.uexp" 224
"../../../Engine/Content/EngineMaterials/DefaultCalibrationGrayscale.uasset" 225
"../../../Engine/Content/EngineMaterials/DefaultCalibrationGrayscale.uexp" 226
"../../../Engine/Content/EngineMaterials/PPM_DefaultCalibrationGrayscale.uasset" 227
"../../../Engine/Content/EngineMaterials/PPM_DefaultCalibrationGrayscale.uexp" 228
"../../../Engine/Content/EngineMaterials/PreintegratedSkinBRDF.uasset" 229
"../../../Engine/Content/EngineMaterials/PreintegratedSkinBRDF.uexp" 230
"../../../Engine/Content/EngineMaterials/RemoveSurfaceMaterial.uasset" 231
"../../../Engine/Content/EngineMaterials/RemoveSurfaceMaterial.uexp" 232
"../../../Engine/Content/EngineMaterials/WeightMapPlaceholderTexture.uasset" 233
"../../../Engine/Content/EngineMaterials/WeightMapPlaceholderTexture.uexp" 234
"../../../Engine/Content/EngineResources/WhiteSquareTexture.uasset" 235
"../../../Engine/Content/EngineResources/WhiteSquareTexture.uexp" 236
"../../../Engine/Content/EngineMaterials/Widget3DPassThrough.uasset" 237
"../../../Engine/Content/EngineMaterials/Widget3DPassThrough.uexp" 238
"../../../Engine/Content/EngineMaterials/Widget3DPassThrough_Masked.uasset" 239
"../../../Engine/Content/EngineMaterials/Widget3DPassThrough_Masked.uexp" 240
"../../../Engine/Content/EngineMaterials/Widget3DPassThrough_Opaque.uasset" 241
"../../../Engine/Content/EngineMaterials/Widget3DPassThrough_Opaque.uexp" 242
"../../../Engine/Content/EngineMaterials/Widget3DPassThrough_Masked_OneSided.uasset" 243
"../../../Engine/Content/EngineMaterials/Widget3DPassThrough_Masked_OneSided.uexp" 244
"../../../Engine/Content/EngineMaterials/Widget3DPassThrough_Opaque_OneSided.uasset" 245
"../../../Engine/Content/EngineMaterials/Widget3DPassThrough_Opaque_OneSided.uexp" 246
"../../../Engine/Content/EngineMaterials/Widget3DPassThrough_Translucent.uasset" 247
"../../../Engine/Content/EngineMaterials/Widget3DPassThrough_Translucent.uexp" 248
"../../../Engine/Content/EngineMaterials/Widget3DPassThrough_Translucent_OneSided.uasset" 249
"../../../Engine/Content/EngineMaterials/Widget3DPassThrough_Translucent_OneSided.uexp" 250
"../../../Engine/Content/EngineMeshes/Cylinder.uasset" 251
"../../../Engine/Content/EngineMeshes/Cylinder.uexp" 252
"../../../Engine/Content/EngineMeshes/Sphere.uasset" 253
"../../../Engine/Content/EngineMeshes/Sphere.uexp" 254
"../../../Engine/Content/EngineResources/DefaultTexture.uasset" 255
"../../../Engine/Content/EngineResources/DefaultTexture.uexp" 256
"../../../Engine/Content/EngineResources/DefaultTexture.ubulk" 257
"../../../Engine/Content/EngineResources/DefaultTextureCube.uasset" 258
"../../../Engine/Content/EngineResources/DefaultTextureCube.uexp" 259
"../../../Engine/Content/EngineResources/DefaultVolumeTexture2D.uasset" 260
"../../../Engine/Content/EngineResources/DefaultVolumeTexture2D.uexp" 261
"../../../Engine/Content/EngineResources/DefaultVolumeTexture.uasset" 262
"../../../Engine/Content/EngineResources/DefaultVolumeTexture.uexp" 263
"../../../Engine/Content/EngineResources/GradientTexture0.uasset" 264
"../../../Engine/Content/EngineResources/GradientTexture0.uexp" 265
"../../../Engine/Content/EngineSky/VolumetricClouds/T_NoiseShape64.uasset" 266
"../../../Engine/Content/EngineSky/VolumetricClouds/T_NoiseShape64.uexp" 267
"../../../Engine/Content/EngineSky/VolumetricClouds/T_NoiseShape64.ubulk" 268
"../../../Engine/Content/EngineSky/VolumetricClouds/T_VolumeNoiseShape64.uasset" 269
"../../../Engine/Content/EngineSky/VolumetricClouds/T_VolumeNoiseShape64.uexp" 270
"../../../Engine/Content/EngineSky/VolumetricClouds/T_NoiseErosion.uasset" 271
"../../../Engine/Content/EngineSky/VolumetricClouds/T_NoiseErosion.uexp" 272
"../../../Engine/Content/EngineSky/VolumetricClouds/T_NoiseErosion.ubulk" 273
"../../../Engine/Content/EngineSky/VolumetricClouds/T_VolumeNoiseErosion32.uasset" 274
"../../../Engine/Content/EngineSky/VolumetricClouds/T_VolumeNoiseErosion32.uexp" 275
"../../../Engine/Content/EngineSky/VolumetricClouds/CloudWeatherTexture.uasset" 276
"../../../Engine/Content/EngineSky/VolumetricClouds/CloudWeatherTexture.uexp" 277
"../../../Engine/Content/EngineSky/VolumetricClouds/CloudGradientTexture.uasset" 278
"../../../Engine/Content/EngineSky/VolumetricClouds/CloudGradientTexture.uexp" 279
"../../../Engine/Content/Functions/Engine_MaterialFunctions02/Utility/MakeFloat2.uasset" 280
"../../../Engine/Content/Functions/Engine_MaterialFunctions02/Utility/MakeFloat2.uexp" 281
"../../../Engine/Content/EngineSky/VolumetricClouds/m_SimpleVolumetricCloud.uasset" 282
"../../../Engine/Content/EngineSky/VolumetricClouds/m_SimpleVolumetricCloud.uexp" 283
"../../../Engine/Content/EngineSky/VolumetricClouds/m_SimpleVolumetricCloud_Inst.uasset" 284
"../../../Engine/Content/EngineSky/VolumetricClouds/m_SimpleVolumetricCloud_Inst.uexp" 285
"../../../Engine/Content/EngineSounds/Master.uasset" 286
"../../../Engine/Content/EngineSounds/Master.uexp" 287
"../../../Engine/Content/Functions/Engine_MaterialFunctions01/Shading/PowerToRoughness.uasset" 288
"../../../Engine/Content/Functions/Engine_MaterialFunctions01/Shading/PowerToRoughness.uexp" 289
"../../../Engine/Content/Maps/Templates/Thumbnails/Default.uasset" 290
"../../../Engine/Content/Maps/Templates/Thumbnails/Default.uexp" 291
"../../../Engine/Content/Maps/Templates/Thumbnails/TimeOfDay.uasset" 292
"../../../Engine/Content/Maps/Templates/Thumbnails/TimeOfDay.uexp" 293
"../../../Engine/Content/Maps/Templates/Thumbnails/VR-Basic.uasset" 294
"../../../Engine/Content/Maps/Templates/Thumbnails/VR-Basic.uexp" 295
"../../../Engine/Content/MobileResources/T_MobileControls_texture.uasset" 296
"../../../Engine/Content/MobileResources/T_MobileControls_texture.uexp" 297
"../../../Engine/Content/MobileResources/T_MobileMenu2.uasset" 298
"../../../Engine/Content/MobileResources/T_MobileMenu2.uexp" 299
"../../../Engine/Content/MobileResources/HUD/AnalogHat.uasset" 300
"../../../Engine/Content/MobileResources/HUD/AnalogHat.uexp" 301
"../../../Engine/Content/MobileResources/HUD/VirtualJoystick_Thumb.uasset" 302
"../../../Engine/Content/MobileResources/HUD/VirtualJoystick_Thumb.uexp" 303
"../../../Engine/Content/MobileResources/HUD/VirtualJoystick_Background.uasset" 304
"../../../Engine/Content/MobileResources/HUD/VirtualJoystick_Background.uexp" 305
"../../../Engine/Content/MobileResources/HUD/DefaultVirtualJoysticks.uasset" 306
"../../../Engine/Content/MobileResources/HUD/DefaultVirtualJoysticks.uexp" 307
"../../../Engine/Content/MobileResources/HUD/LeftVirtualJoystickOnly.uasset" 308
"../../../Engine/Content/MobileResources/HUD/LeftVirtualJoystickOnly.uexp" 309
"../../../Engine/Content/MobileResources/HUD/MobileHUDButton1_off.uasset" 310
"../../../Engine/Content/MobileResources/HUD/MobileHUDButton1_off.uexp" 311
"../../../Engine/Content/MobileResources/HUD/MobileHUDButton1_on.uasset" 312
"../../../Engine/Content/MobileResources/HUD/MobileHUDButton1_on.uexp" 313
"../../../Engine/Content/MobileResources/HUD/MobileHUDButton2_off.uasset" 314
"../../../Engine/Content/MobileResources/HUD/MobileHUDButton2_off.uexp" 315
"../../../Engine/Content/MobileResources/HUD/MobileHUDButton2_on.uasset" 316
"../../../Engine/Content/MobileResources/HUD/MobileHUDButton2_on.uexp" 317
"../../../Engine/Content/MobileResources/HUD/MobileHUDButton3.uasset" 318
"../../../Engine/Content/MobileResources/HUD/MobileHUDButton3.uexp" 319
"../../../Engine/Content/MobileResources/HUD/MobileHUDButtonFire.uasset" 320
"../../../Engine/Content/MobileResources/HUD/MobileHUDButtonFire.uexp" 321
"../../../Engine/Content/MobileResources/HUD/MobileHUDDirectionPad.uasset" 322
"../../../Engine/Content/MobileResources/HUD/MobileHUDDirectionPad.uexp" 323
"../../../Engine/Content/MobileResources/HUD/MobileHUDDirectionPad2.uasset" 324
"../../../Engine/Content/MobileResources/HUD/MobileHUDDirectionPad2.uexp" 325
"../../../Engine/Content/MobileResources/HUD/MobileHUDDirectionPad3.uasset" 326
"../../../Engine/Content/MobileResources/HUD/MobileHUDDirectionPad3.uexp" 327
"../../../Engine/Content/MobileResources/HUD/MobileHUDDirectionStick.uasset" 328
"../../../Engine/Content/MobileResources/HUD/MobileHUDDirectionStick.uexp" 329
"../../../Engine/Content/MobileResources/HUD/T_Castle_ThumbstickInner.uasset" 330
"../../../Engine/Content/MobileResources/HUD/T_Castle_ThumbstickInner.uexp" 331
"../../../Engine/Content/MobileResources/HUD/T_Castle_ThumbstickOutter.uasset" 332
"../../../Engine/Content/MobileResources/HUD/T_Castle_ThumbstickOutter.uexp" 333
"../../../Engine/Content/Tutorial/ContentIntroCurve.uasset" 334
"../../../Engine/Content/Tutorial/ContentIntroCurve.uexp" 335
"../../../Engine/Content/VREditor/TransformGizmo/TranslucentTransformGizmoMaterial.uasset" 336
"../../../Engine/Content/VREditor/TransformGizmo/TranslucentTransformGizmoMaterial.uexp" 337
"../../../Engine/Content/VREditor/LaserPointer/VR_LaserPower_01.uasset" 338
"../../../Engine/Content/VREditor/LaserPointer/VR_LaserPower_01.uexp" 339
"../../../Engine/Content/VREditor/LaserPointer/VR_LaserPower_01.ubulk" 340
"../../../Engine/Content/VREditor/TransformGizmo/TransformGizmoMaterial.uasset" 341
"../../../Engine/Content/VREditor/TransformGizmo/TransformGizmoMaterial.uexp" 342
"../../../Engine/Content/VREditor/TransformGizmo/BoundingBoxCorner.uasset" 343
"../../../Engine/Content/VREditor/TransformGizmo/BoundingBoxCorner.uexp" 344
"../../../Engine/Content/VREditor/TransformGizmo/BoundingBoxEdge.uasset" 345
"../../../Engine/Content/VREditor/TransformGizmo/BoundingBoxEdge.uexp" 346
"../../../Engine/Content/VREditor/TransformGizmo/PlaneTranslationHandle.uasset" 347
"../../../Engine/Content/VREditor/TransformGizmo/PlaneTranslationHandle.uexp" 348
"../../../Engine/Content/VREditor/TransformGizmo/Xray.uasset" 349
"../../../Engine/Content/VREditor/TransformGizmo/Xray.uexp" 350
"../../../Engine/Content/VREditor/TransformGizmo/Main.uasset" 351
"../../../Engine/Content/VREditor/TransformGizmo/Main.uexp" 352
"../../../Engine/Content/VREditor/TransformGizmo/SM_Sequencer_Key.uasset" 353
"../../../Engine/Content/VREditor/TransformGizmo/SM_Sequencer_Key.uexp" 354
"../../../Engine/Content/VREditor/TransformGizmo/SM_Sequencer_Node.uasset" 355
"../../../Engine/Content/VREditor/TransformGizmo/SM_Sequencer_Node.uexp" 356
"../../../Engine/Plugins/2D/Paper2D/Content/PlaceholderTextures/DummySpriteTexture.uasset" 357
"../../../Engine/Plugins/2D/Paper2D/Content/PlaceholderTextures/DummySpriteTexture.uexp" 358
"../../../Engine/Plugins/2D/Paper2D/Content/PlaceholderTextures/DummySpriteTexture.ubulk" 359
"../../../Engine/Plugins/2D/Paper2D/Content/DummySprite.uasset" 360
"../../../Engine/Plugins/2D/Paper2D/Content/DummySprite.uexp" 361
"../../../Engine/Plugins/2D/Paper2D/Content/DefaultPaperTerrainMaterial.uasset" 362
"../../../Engine/Plugins/2D/Paper2D/Content/DefaultPaperTerrainMaterial.uexp" 363
"../../../Engine/Plugins/2D/Paper2D/Content/DefaultSpriteMaterial.uasset" 364
"../../../Engine/Plugins/2D/Paper2D/Content/DefaultSpriteMaterial.uexp" 365
"../../../Engine/Plugins/2D/Paper2D/Content/MaskedUnlitSpriteMaterial.uasset" 366
"../../../Engine/Plugins/2D/Paper2D/Content/MaskedUnlitSpriteMaterial.uexp" 367
"../../../Engine/Plugins/2D/Paper2D/Content/OpaqueUnlitSpriteMaterial.uasset" 368
"../../../Engine/Plugins/2D/Paper2D/Content/OpaqueUnlitSpriteMaterial.uexp" 369
"../../../Engine/Content/Functions/Engine_MaterialFunctions02/Utility/BreakOutFloat3Components.uasset" 370
"../../../Engine/Content/Functions/Engine_MaterialFunctions02/Utility/BreakOutFloat3Components.uexp" 371
"../../../Engine/Plugins/Editor/SpeedTreeImporter/Content/SpeedTree9/UnpackInteger3.uasset" 372
"../../../Engine/Plugins/Editor/SpeedTreeImporter/Content/SpeedTree9/UnpackInteger3.uexp" 373
"../../../Engine/Plugins/Editor/SpeedTreeImporter/Content/SpeedTree9/UnpackDirection.uasset" 374
"../../../Engine/Plugins/Editor/SpeedTreeImporter/Content/SpeedTree9/UnpackDirection.uexp" 375
"../../../Engine/Plugins/Editor/SpeedTreeImporter/Content/SpeedTree9/game_wind_noise.uasset" 376
"../../../Engine/Plugins/Editor/SpeedTreeImporter/Content/SpeedTree9/game_wind_noise.uexp" 377
"../../../Engine/Plugins/Editor/SpeedTreeImporter/Content/SpeedTree9/game_wind_noise.ubulk" 378
"../../../Engine/Content/Functions/Engine_MaterialFunctions02/SafeNormalize.uasset" 379
"../../../Engine/Content/Functions/Engine_MaterialFunctions02/SafeNormalize.uexp" 380
"../../../Engine/Plugins/Editor/SpeedTreeImporter/Content/SpeedTree9/SpeedTreeWindMotion.uasset" 381
"../../../Engine/Plugins/Editor/SpeedTreeImporter/Content/SpeedTree9/SpeedTreeWindMotion.uexp" 382
"../../../Engine/Plugins/Editor/SpeedTreeImporter/Content/SpeedTree9/SpeedTreeBranchMotion.uasset" 383
"../../../Engine/Plugins/Editor/SpeedTreeImporter/Content/SpeedTree9/SpeedTreeBranchMotion.uexp" 384
"../../../Engine/Content/Functions/Engine_MaterialFunctions02/ObjectLocalBounds.uasset" 385
"../../../Engine/Content/Functions/Engine_MaterialFunctions02/ObjectLocalBounds.uexp" 386
"../../../Engine/Content/Functions/Engine_MaterialFunctions02/UVs/BoundingBoxBased_0-1_UVW.uasset" 387
"../../../Engine/Content/Functions/Engine_MaterialFunctions02/UVs/BoundingBoxBased_0-1_UVW.uexp" 388
"../../../Engine/Content/Functions/Engine_MaterialFunctions02/Utility/VectorLength.uasset" 389
"../../../Engine/Content/Functions/Engine_MaterialFunctions02/Utility/VectorLength.uexp" 390
"../../../Engine/Content/Functions/Engine_MaterialFunctions02/WorldPositionOffset/ObjectScale.uasset" 391
"../../../Engine/Content/Functions/Engine_MaterialFunctions02/WorldPositionOffset/ObjectScale.uexp" 392
"../../../Engine/Plugins/Editor/SpeedTreeImporter/Content/SpeedTree9/SpeedTreeWind.uasset" 393
"../../../Engine/Plugins/Editor/SpeedTreeImporter/Content/SpeedTree9/SpeedTreeWind.uexp" 394
"../../../Engine/Plugins/Editor/SpeedTreeImporter/Content/SpeedTree9/SpeedTreeBillboard.uasset" 395
"../../../Engine/Plugins/Editor/SpeedTreeImporter/Content/SpeedTree9/SpeedTreeBillboard.uexp" 396
"../../../Engine/Plugins/Editor/SpeedTreeImporter/Content/SpeedTree9/EmptyNormal.uasset" 397
"../../../Engine/Plugins/Editor/SpeedTreeImporter/Content/SpeedTree9/EmptyNormal.uexp" 398
"../../../Engine/Plugins/Editor/SpeedTreeImporter/Content/SpeedTree9/Empty.uasset" 399
"../../../Engine/Plugins/Editor/SpeedTreeImporter/Content/SpeedTree9/Empty.uexp" 400
"../../../Engine/Plugins/Editor/SpeedTreeImporter/Content/SpeedTree9/SpeedTreeBillboardMaster.uasset" 401
"../../../Engine/Plugins/Editor/SpeedTreeImporter/Content/SpeedTree9/SpeedTreeBillboardMaster.uexp" 402
"../../../Engine/Plugins/Editor/SpeedTreeImporter/Content/SpeedTree9/SpeedTreeCameraFacing.uasset" 403
"../../../Engine/Plugins/Editor/SpeedTreeImporter/Content/SpeedTree9/SpeedTreeCameraFacing.uexp" 404
"../../../Engine/Plugins/Editor/SpeedTreeImporter/Content/SpeedTree9/SpeedTreeMaster.uasset" 405
"../../../Engine/Plugins/Editor/SpeedTreeImporter/Content/SpeedTree9/SpeedTreeMaster.uexp" 406
"../../../Engine/Content/ArtTools/RenderToTexture/Materials/Debug/M_Emissive_Color.uasset" 407
"../../../Engine/Content/ArtTools/RenderToTexture/Materials/Debug/M_Emissive_Color.uexp" 408
"../../../Engine/Content/BasicShapes/Cylinder.uasset" 409
"../../../Engine/Content/BasicShapes/Cylinder.uexp" 410
"../../../Engine/Plugins/Lumin/MagicLeapPassableWorld/Content/MagicLeapARPinInfoActor.uasset" 411
"../../../Engine/Plugins/Lumin/MagicLeapPassableWorld/Content/MagicLeapARPinInfoActor.uexp" 412
"../../../Engine/Plugins/Runtime/OpenXR/Content/Devices/GoogleDaydream/MRTexture.uasset" 413
"../../../Engine/Plugins/Runtime/OpenXR/Content/Devices/GoogleDaydream/MRTexture.uexp" 414
"../../../Engine/Plugins/Runtime/OpenXR/Content/Devices/GoogleDaydream/MRTexture.ubulk" 415
"../../../Engine/Plugins/Runtime/OpenXR/Content/Devices/GoogleDaydream/BaseTexture.uasset" 416
"../../../Engine/Plugins/Runtime/OpenXR/Content/Devices/GoogleDaydream/BaseTexture.uexp" 417
"../../../Engine/Plugins/Runtime/OpenXR/Content/Devices/GoogleDaydream/BaseTexture.ubulk" 418
"../../../Engine/Content/EngineResources/Black.uasset" 419
"../../../Engine/Content/EngineResources/Black.uexp" 420
"../../../Engine/Plugins/Runtime/OpenXR/Content/Devices/M_XRController.uasset" 421
"../../../Engine/Plugins/Runtime/OpenXR/Content/Devices/M_XRController.uexp" 422
"../../../Engine/Plugins/Runtime/OpenXR/Content/Devices/GoogleDaydream/MI_GoogleDaydream.uasset" 423
"../../../Engine/Plugins/Runtime/OpenXR/Content/Devices/GoogleDaydream/MI_GoogleDaydream.uexp" 424
"../../../Engine/Plugins/Runtime/OpenXR/Content/Devices/GoogleDaydream/GoogleDaydreamController.uasset" 425
"../../../Engine/Plugins/Runtime/OpenXR/Content/Devices/GoogleDaydream/GoogleDaydreamController.uexp" 426
"../../../Engine/Plugins/Runtime/OpenXR/Content/Devices/HTCVive/BaseTexture.uasset" 427
"../../../Engine/Plugins/Runtime/OpenXR/Content/Devices/HTCVive/BaseTexture.uexp" 428
"../../../Engine/Plugins/Runtime/OpenXR/Content/Devices/HTCVive/BaseTexture.ubulk" 429
"../../../Engine/Plugins/Runtime/OpenXR/Content/Devices/HTCVive/MI_HTCVive.uasset" 430
"../../../Engine/Plugins/Runtime/OpenXR/Content/Devices/HTCVive/MI_HTCVive.uexp" 431
"../../../Engine/Plugins/Runtime/OpenXR/Content/Devices/HTCVive/HTCViveController.uasset" 432
"../../../Engine/Plugins/Runtime/OpenXR/Content/Devices/HTCVive/HTCViveController.uexp" 433
"../../../Engine/Plugins/Runtime/OpenXR/Content/Devices/MicrosoftMixedReality/NormalTexture.uasset" 434
"../../../Engine/Plugins/Runtime/OpenXR/Content/Devices/MicrosoftMixedReality/NormalTexture.uexp" 435
"../../../Engine/Plugins/Runtime/OpenXR/Content/Devices/MicrosoftMixedReality/NormalTexture.ubulk" 436
"../../../Engine/Plugins/Runtime/OpenXR/Content/Devices/MicrosoftMixedReality/MRTexture.uasset" 437
"../../../Engine/Plugins/Runtime/OpenXR/Content/Devices/MicrosoftMixedReality/MRTexture.uexp" 438
"../../../Engine/Plugins/Runtime/OpenXR/Content/Devices/MicrosoftMixedReality/MRTexture.ubulk" 439
"../../../Engine/Plugins/Runtime/OpenXR/Content/Devices/MicrosoftMixedReality/EmissiveTexture.uasset" 440
"../../../Engine/Plugins/Runtime/OpenXR/Content/Devices/MicrosoftMixedReality/EmissiveTexture.uexp" 441
"../../../Engine/Plugins/Runtime/OpenXR/Content/Devices/MicrosoftMixedReality/EmissiveTexture.ubulk" 442
"../../../Engine/Plugins/Runtime/OpenXR/Content/Devices/MicrosoftMixedReality/BaseTexture.uasset" 443
"../../../Engine/Plugins/Runtime/OpenXR/Content/Devices/MicrosoftMixedReality/BaseTexture.uexp" 444
"../../../Engine/Plugins/Runtime/OpenXR/Content/Devices/MicrosoftMixedReality/BaseTexture.ubulk" 445
"../../../Engine/Plugins/Runtime/OpenXR/Content/Devices/MicrosoftMixedReality/MI_MicrosoftMixedReality.uasset" 446
"../../../Engine/Plugins/Runtime/OpenXR/Content/Devices/MicrosoftMixedReality/MI_MicrosoftMixedReality.uexp" 447
"../../../Engine/Plugins/Runtime/OpenXR/Content/Devices/MicrosoftMixedReality/Left/left_MicrosoftMixedRealityController.uasset" 448
"../../../Engine/Plugins/Runtime/OpenXR/Content/Devices/MicrosoftMixedReality/Left/left_MicrosoftMixedRealityController.uexp" 449
"../../../Engine/Plugins/Runtime/OpenXR/Content/Devices/MicrosoftMixedReality/Right/right_MicrosoftMixedRealityController.uasset" 450
"../../../Engine/Plugins/Runtime/OpenXR/Content/Devices/MicrosoftMixedReality/Right/right_MicrosoftMixedRealityController.uexp" 451
"../../../Engine/Plugins/Runtime/OpenXR/Content/Devices/OculusGo/BaseTexture.uasset" 452
"../../../Engine/Plugins/Runtime/OpenXR/Content/Devices/OculusGo/BaseTexture.uexp" 453
"../../../Engine/Plugins/Runtime/OpenXR/Content/Devices/OculusGo/BaseTexture.ubulk" 454
"../../../Engine/Plugins/Runtime/OpenXR/Content/Devices/OculusGo/MI_OculusGo.uasset" 455
"../../../Engine/Plugins/Runtime/OpenXR/Content/Devices/OculusGo/MI_OculusGo.uexp" 456
"../../../Engine/Plugins/Runtime/OpenXR/Content/Devices/OculusGo/OculusGoController.uasset" 457
"../../../Engine/Plugins/Runtime/OpenXR/Content/Devices/OculusGo/OculusGoController.uexp" 458
"../../../Engine/Plugins/Runtime/OpenXR/Content/Devices/OculusTouch/MRTexture.uasset" 459
"../../../Engine/Plugins/Runtime/OpenXR/Content/Devices/OculusTouch/MRTexture.uexp" 460
"../../../Engine/Plugins/Runtime/OpenXR/Content/Devices/OculusTouch/MRTexture.ubulk" 461
"../../../Engine/Plugins/Runtime/OpenXR/Content/Devices/OculusTouch/BaseTexture.uasset" 462
"../../../Engine/Plugins/Runtime/OpenXR/Content/Devices/OculusTouch/BaseTexture.uexp" 463
"../../../Engine/Plugins/Runtime/OpenXR/Content/Devices/OculusTouch/BaseTexture.ubulk" 464
"../../../Engine/Plugins/Runtime/OpenXR/Content/Devices/OculusTouch/MI_OculusTouch.uasset" 465
"../../../Engine/Plugins/Runtime/OpenXR/Content/Devices/OculusTouch/MI_OculusTouch.uexp" 466
"../../../Engine/Plugins/Runtime/OpenXR/Content/Devices/OculusTouch/Left/left_OculusTouchController.uasset" 467
"../../../Engine/Plugins/Runtime/OpenXR/Content/Devices/OculusTouch/Left/left_OculusTouchController.uexp" 468
"../../../Engine/Plugins/Runtime/OpenXR/Content/Devices/OculusTouch/Right/right_OculusTouchController.uasset" 469
"../../../Engine/Plugins/Runtime/OpenXR/Content/Devices/OculusTouch/Right/right_OculusTouchController.uexp" 470
"../../../Engine/Plugins/Runtime/OpenXR/Content/Devices/OculusTouch_v2/MRTexture.uasset" 471
"../../../Engine/Plugins/Runtime/OpenXR/Content/Devices/OculusTouch_v2/MRTexture.uexp" 472
"../../../Engine/Plugins/Runtime/OpenXR/Content/Devices/OculusTouch_v2/MRTexture.ubulk" 473
"../../../Engine/Plugins/Runtime/OpenXR/Content/Devices/OculusTouch_v2/BaseTexture.uasset" 474
"../../../Engine/Plugins/Runtime/OpenXR/Content/Devices/OculusTouch_v2/BaseTexture.uexp" 475
"../../../Engine/Plugins/Runtime/OpenXR/Content/Devices/OculusTouch_v2/BaseTexture.ubulk" 476
"../../../Engine/Plugins/Runtime/OpenXR/Content/Devices/OculusTouch_v2/MI_OculusTouch_v2.uasset" 477
"../../../Engine/Plugins/Runtime/OpenXR/Content/Devices/OculusTouch_v2/MI_OculusTouch_v2.uexp" 478
"../../../Engine/Plugins/Runtime/OpenXR/Content/Devices/OculusTouch_v2/Left/left_OculusTouch_v2Controller.uasset" 479
"../../../Engine/Plugins/Runtime/OpenXR/Content/Devices/OculusTouch_v2/Left/left_OculusTouch_v2Controller.uexp" 480
"../../../Engine/Plugins/Runtime/OpenXR/Content/Devices/OculusTouch_v2/Right/right_OculusTouch_v2Controller.uasset" 481
"../../../Engine/Plugins/Runtime/OpenXR/Content/Devices/OculusTouch_v2/Right/right_OculusTouch_v2Controller.uexp" 482
"../../../Engine/Plugins/Runtime/OpenXR/Content/Devices/OculusTouch_v3/MRTexture.uasset" 483
"../../../Engine/Plugins/Runtime/OpenXR/Content/Devices/OculusTouch_v3/MRTexture.uexp" 484
"../../../Engine/Plugins/Runtime/OpenXR/Content/Devices/OculusTouch_v3/MRTexture.ubulk" 485
"../../../Engine/Plugins/Runtime/OpenXR/Content/Devices/OculusTouch_v3/BaseTexture.uasset" 486
"../../../Engine/Plugins/Runtime/OpenXR/Content/Devices/OculusTouch_v3/BaseTexture.uexp" 487
"../../../Engine/Plugins/Runtime/OpenXR/Content/Devices/OculusTouch_v3/BaseTexture.ubulk" 488
"../../../Engine/Plugins/Runtime/OpenXR/Content/Devices/OculusTouch_v3/MI_OculusTouch_v3.uasset" 489
"../../../Engine/Plugins/Runtime/OpenXR/Content/Devices/OculusTouch_v3/MI_OculusTouch_v3.uexp" 490
"../../../Engine/Plugins/Runtime/OpenXR/Content/Devices/OculusTouch_v3/Left/left_OculusTouch_v3Controller.uasset" 491
"../../../Engine/Plugins/Runtime/OpenXR/Content/Devices/OculusTouch_v3/Left/left_OculusTouch_v3Controller.uexp" 492
"../../../Engine/Plugins/Runtime/OpenXR/Content/Devices/OculusTouch_v3/Right/right_OculusTouch_v3Controller.uasset" 493
"../../../Engine/Plugins/Runtime/OpenXR/Content/Devices/OculusTouch_v3/Right/right_OculusTouch_v3Controller.uexp" 494
"../../../Engine/Plugins/Runtime/OpenXR/Content/Devices/ValveIndex/MRTexture.uasset" 495
"../../../Engine/Plugins/Runtime/OpenXR/Content/Devices/ValveIndex/MRTexture.uexp" 496
"../../../Engine/Plugins/Runtime/OpenXR/Content/Devices/ValveIndex/MRTexture.ubulk" 497
"../../../Engine/Plugins/Runtime/OpenXR/Content/Devices/ValveIndex/BaseTexture.uasset" 498
"../../../Engine/Plugins/Runtime/OpenXR/Content/Devices/ValveIndex/BaseTexture.uexp" 499
"../../../Engine/Plugins/Runtime/OpenXR/Content/Devices/ValveIndex/BaseTexture.ubulk" 500
"../../../Engine/Plugins/Runtime/OpenXR/Content/Devices/ValveIndex/Left/MI_left_ValveIndex.uasset" 501
"../../../Engine/Plugins/Runtime/OpenXR/Content/Devices/ValveIndex/Left/MI_left_ValveIndex.uexp" 502
"../../../Engine/Plugins/Runtime/OpenXR/Content/Devices/ValveIndex/Left/left_ValveIndexController.uasset" 503
"../../../Engine/Plugins/Runtime/OpenXR/Content/Devices/ValveIndex/Left/left_ValveIndexController.uexp" 504
"../../../Engine/Plugins/Runtime/OpenXR/Content/Devices/ValveIndex/Right/MI_right_ValveIndex.uasset" 505
"../../../Engine/Plugins/Runtime/OpenXR/Content/Devices/ValveIndex/Right/MI_right_ValveIndex.uexp" 506
"../../../Engine/Plugins/Runtime/OpenXR/Content/Devices/ValveIndex/Right/right_ValveIndexController.uasset" 507
"../../../Engine/Plugins/Runtime/OpenXR/Content/Devices/ValveIndex/Right/right_ValveIndexController.uexp" 508
"../../../Engine/Content/Functions/Engine_MaterialFunctions02/Utility/BreakOutFloat4Components.uasset" 509
"../../../Engine/Content/Functions/Engine_MaterialFunctions02/Utility/BreakOutFloat4Components.uexp" 510
"../../../Engine/Content/Functions/Engine_MaterialFunctions02/Utility/MakeFloat3.uasset" 511
"../../../Engine/Content/Functions/Engine_MaterialFunctions02/Utility/MakeFloat3.uexp" 512
"../../../Engine/Plugins/Runtime/Oculus/OculusVR/Content/Materials/OculusMR_ChromaKey.uasset" 513
"../../../Engine/Plugins/Runtime/Oculus/OculusVR/Content/Materials/OculusMR_ChromaKey.uexp" 514
"../../../Engine/Plugins/Runtime/Oculus/OculusVR/Content/Materials/OculusMR_OpaqueColoredMaterial.uasset" 515
"../../../Engine/Plugins/Runtime/Oculus/OculusVR/Content/Materials/OculusMR_OpaqueColoredMaterial.uexp" 516
"../../../Engine/Plugins/Runtime/Oculus/OculusVR/Content/Materials/PokeAHoleMaterial.uasset" 517
"../../../Engine/Plugins/Runtime/Oculus/OculusVR/Content/Materials/PokeAHoleMaterial.uexp" 518
"../../../Engine/Plugins/Runtime/Oculus/OculusVR/Content/Textures/touchController_controlmap.uasset" 519
"../../../Engine/Plugins/Runtime/Oculus/OculusVR/Content/Textures/touchController_controlmap.uexp" 520
"../../../Engine/Plugins/Runtime/Oculus/OculusVR/Content/Textures/touchController_controlmap.ubulk" 521
"../../../Engine/Plugins/Runtime/Oculus/OculusVR/Content/Textures/touchController_albedo.uasset" 522
"../../../Engine/Plugins/Runtime/Oculus/OculusVR/Content/Textures/touchController_albedo.uexp" 523
"../../../Engine/Plugins/Runtime/Oculus/OculusVR/Content/Textures/touchController_albedo.ubulk" 524
"../../../Engine/Plugins/Runtime/Oculus/OculusVR/Content/Materials/touchController_mat.uasset" 525
"../../../Engine/Plugins/Runtime/Oculus/OculusVR/Content/Materials/touchController_mat.uexp" 526
"../../../Engine/Plugins/Runtime/Oculus/OculusVR/Content/Meshes/LeftTouchController.uasset" 527
"../../../Engine/Plugins/Runtime/Oculus/OculusVR/Content/Meshes/LeftTouchController.uexp" 528
"../../../Engine/Plugins/Runtime/Oculus/OculusVR/Content/Textures/TouchForQuestRiftSController_albedo.uasset" 529
"../../../Engine/Plugins/Runtime/Oculus/OculusVR/Content/Textures/TouchForQuestRiftSController_albedo.uexp" 530
"../../../Engine/Plugins/Runtime/Oculus/OculusVR/Content/Textures/TouchForQuestRiftSController_albedo.ubulk" 531
"../../../Engine/Plugins/Runtime/Oculus/OculusVR/Content/Materials/TouchForQuestRiftSControllerMaterial.uasset" 532
"../../../Engine/Plugins/Runtime/Oculus/OculusVR/Content/Materials/TouchForQuestRiftSControllerMaterial.uexp" 533
"../../../Engine/Plugins/Runtime/Oculus/OculusVR/Content/Meshes/LeftTouchForQuestRiftSController.uasset" 534
"../../../Engine/Plugins/Runtime/Oculus/OculusVR/Content/Meshes/LeftTouchForQuestRiftSController.uexp" 535
"../../../Engine/Plugins/Runtime/Oculus/OculusVR/Content/Meshes/RiftHMD.uasset" 536
"../../../Engine/Plugins/Runtime/Oculus/OculusVR/Content/Meshes/RiftHMD.uexp" 537
"../../../Engine/Plugins/Runtime/Oculus/OculusVR/Content/Meshes/RightTouchController.uasset" 538
"../../../Engine/Plugins/Runtime/Oculus/OculusVR/Content/Meshes/RightTouchController.uexp" 539
"../../../Engine/Plugins/Runtime/Oculus/OculusVR/Content/Meshes/RightTouchForQuestRiftSController.uasset" 540
"../../../Engine/Plugins/Runtime/Oculus/OculusVR/Content/Meshes/RightTouchForQuestRiftSController.uexp" 541
"../../../Engine/Content/EngineSky/T_Sky_Stars.uasset" 542
"../../../Engine/Content/EngineSky/T_Sky_Stars.uexp" 543
"../../../Engine/Content/EngineSky/T_Sky_Stars.ubulk" 544
"../../../Engine/Content/EngineSky/T_Sky_Clouds_M.uasset" 545
"../../../Engine/Content/EngineSky/T_Sky_Clouds_M.uexp" 546
"../../../Engine/Content/EngineSky/T_Sky_Clouds_M.ubulk" 547
"../../../Engine/Content/EngineSky/T_Sky_Blue.uasset" 548
"../../../Engine/Content/EngineSky/T_Sky_Blue.uexp" 549
"../../../Engine/Content/EngineSky/T_Sky_Blue.ubulk" 550
"../../../Engine/Content/EngineSky/M_Sky_Panning_Clouds2.uasset" 551
"../../../Engine/Content/EngineSky/M_Sky_Panning_Clouds2.uexp" 552
"D:/UE4 Projects/EndlessRunner/EndlessRunner/Content/_Game/Maps/MainLevel_BuiltData.uasset" 553
"D:/UE4 Projects/EndlessRunner/EndlessRunner/Content/_Game/Maps/MainLevel_BuiltData.uexp" 554
"D:/UE4 Projects/EndlessRunner/EndlessRunner/Content/_Game/Maps/MainLevel_BuiltData.ubulk" 555
"../../../Engine/Content/EngineSky/SM_SkySphere.uasset" 556
"../../../Engine/Content/EngineSky/SM_SkySphere.uexp" 557
"../../../Engine/Content/EngineSky/C_Sky_Zenith_Color.uasset" 558
"../../../Engine/Content/EngineSky/C_Sky_Zenith_Color.uexp" 559
"../../../Engine/Content/EngineSky/C_Sky_Horizon_Color.uasset" 560
"../../../Engine/Content/EngineSky/C_Sky_Horizon_Color.uexp" 561
"../../../Engine/Content/EngineSky/C_Sky_Cloud_Color.uasset" 562
"../../../Engine/Content/EngineSky/C_Sky_Cloud_Color.uexp" 563
"../../../Engine/Content/EditorBlueprintResources/StandardMacros.uasset" 564
"../../../Engine/Content/EditorBlueprintResources/StandardMacros.uexp" 565
"../../../Engine/Content/EngineSky/BP_Sky_Sphere.uasset" 566
"../../../Engine/Content/EngineSky/BP_Sky_Sphere.uexp" 567
"D:/UE4 Projects/EndlessRunner/EndlessRunner/Content/_GameAssets/T_MainMenu_Btn.uasset" 568
"D:/UE4 Projects/EndlessRunner/EndlessRunner/Content/_GameAssets/T_MainMenu_Btn.uexp" 569
"D:/UE4 Projects/EndlessRunner/EndlessRunner/Content/_GameAssets/T_GameOver.uasset" 570
"D:/UE4 Projects/EndlessRunner/EndlessRunner/Content/_GameAssets/T_GameOver.uexp" 571
"D:/UE4 Projects/EndlessRunner/EndlessRunner/Content/_GameAssets/T_Restart_Btn.uasset" 572
"D:/UE4 Projects/EndlessRunner/EndlessRunner/Content/_GameAssets/T_Restart_Btn.uexp" 573
"D:/UE4 Projects/EndlessRunner/EndlessRunner/Content/_Game/UMG/Widget_GameOver.uasset" 574
"D:/UE4 Projects/EndlessRunner/EndlessRunner/Content/_Game/UMG/Widget_GameOver.uexp" 575
"D:/UE4 Projects/EndlessRunner/EndlessRunner/Content/_GameAssets/T_PauseBtn.uasset" 576
"D:/UE4 Projects/EndlessRunner/EndlessRunner/Content/_GameAssets/T_PauseBtn.uexp" 577
"D:/UE4 Projects/EndlessRunner/EndlessRunner/Content/_GameAssets/T_Heart.uasset" 578
"D:/UE4 Projects/EndlessRunner/EndlessRunner/Content/_GameAssets/T_Heart.uexp" 579
"D:/UE4 Projects/EndlessRunner/EndlessRunner/Content/_GameAssets/T_Coin-UI.uasset" 580
"D:/UE4 Projects/EndlessRunner/EndlessRunner/Content/_GameAssets/T_Coin-UI.uexp" 581
"D:/UE4 Projects/EndlessRunner/EndlessRunner/Content/_GameAssets/T_Continue_Btn.uasset" 582
"D:/UE4 Projects/EndlessRunner/EndlessRunner/Content/_GameAssets/T_Continue_Btn.uexp" 583
"D:/UE4 Projects/EndlessRunner/EndlessRunner/Content/_Game/UMG/Widget_PauseMenu.uasset" 584
"D:/UE4 Projects/EndlessRunner/EndlessRunner/Content/_Game/UMG/Widget_PauseMenu.uexp" 585
"D:/UE4 Projects/EndlessRunner/EndlessRunner/Content/_Game/UMG/Widget_GameHUD.uasset" 586
"D:/UE4 Projects/EndlessRunner/EndlessRunner/Content/_Game/UMG/Widget_GameHUD.uexp" 587
"D:/UE4 Projects/EndlessRunner/EndlessRunner/Content/_GameAssets/Particles/Textures/T_Smoke_Tiled_D.uasset" 588
"D:/UE4 Projects/EndlessRunner/EndlessRunner/Content/_GameAssets/Particles/Textures/T_Smoke_Tiled_D.uexp" 589
"D:/UE4 Projects/EndlessRunner/EndlessRunner/Content/_GameAssets/Particles/Textures/T_Smoke_Tiled_D.ubulk" 590
"D:/UE4 Projects/EndlessRunner/EndlessRunner/Content/_GameAssets/Particles/Textures/T_Smoke_SubUV.uasset" 591
"D:/UE4 Projects/EndlessRunner/EndlessRunner/Content/_GameAssets/Particles/Textures/T_Smoke_SubUV.uexp" 592
"D:/UE4 Projects/EndlessRunner/EndlessRunner/Content/_GameAssets/Particles/Textures/T_Smoke_SubUV.ubulk" 593
"D:/UE4 Projects/EndlessRunner/EndlessRunner/Content/_GameAssets/Particles/Materials/M_smoke_subUV.uasset" 594
"D:/UE4 Projects/EndlessRunner/EndlessRunner/Content/_GameAssets/Particles/Materials/M_smoke_subUV.uexp" 595
"../../../Engine/Content/Functions/Engine_MaterialFunctions01/Gradient/RadialGradient.uasset" 596
"../../../Engine/Content/Functions/Engine_MaterialFunctions01/Gradient/RadialGradient.uexp" 597
"D:/UE4 Projects/EndlessRunner/EndlessRunner/Content/_GameAssets/Particles/Materials/M_radial_ramp.uasset" 598
"D:/UE4 Projects/EndlessRunner/EndlessRunner/Content/_GameAssets/Particles/Materials/M_radial_ramp.uexp" 599
"D:/UE4 Projects/EndlessRunner/EndlessRunner/Content/_GameAssets/Particles/Materials/m_flare_01.uasset" 600
"D:/UE4 Projects/EndlessRunner/EndlessRunner/Content/_GameAssets/Particles/Materials/m_flare_01.uexp" 601
"D:/UE4 Projects/EndlessRunner/EndlessRunner/Content/_GameAssets/Particles/Textures/T_Explosion_SubUV.uasset" 602
"D:/UE4 Projects/EndlessRunner/EndlessRunner/Content/_GameAssets/Particles/Textures/T_Explosion_SubUV.uexp" 603
"D:/UE4 Projects/EndlessRunner/EndlessRunner/Content/_GameAssets/Particles/Textures/T_Explosion_SubUV.ubulk" 604
"D:/UE4 Projects/EndlessRunner/EndlessRunner/Content/_GameAssets/Particles/Materials/M_explosion_subUV.uasset" 605
"D:/UE4 Projects/EndlessRunner/EndlessRunner/Content/_GameAssets/Particles/Materials/M_explosion_subUV.uexp" 606
"D:/UE4 Projects/EndlessRunner/EndlessRunner/Content/_GameAssets/Particles/Textures/T_Burst_M.uasset" 607
"D:/UE4 Projects/EndlessRunner/EndlessRunner/Content/_GameAssets/Particles/Textures/T_Burst_M.uexp" 608
"D:/UE4 Projects/EndlessRunner/EndlessRunner/Content/_GameAssets/Particles/Textures/T_Burst_M.ubulk" 609
"D:/UE4 Projects/EndlessRunner/EndlessRunner/Content/_GameAssets/Particles/Materials/M_Burst.uasset" 610
"D:/UE4 Projects/EndlessRunner/EndlessRunner/Content/_GameAssets/Particles/Materials/M_Burst.uexp" 611
"D:/UE4 Projects/EndlessRunner/EndlessRunner/Content/_GameAssets/Particles/P_Explosion.uasset" 612
"D:/UE4 Projects/EndlessRunner/EndlessRunner/Content/_GameAssets/Particles/P_Explosion.uexp" 613
"D:/UE4 Projects/EndlessRunner/EndlessRunner/Content/_GameAssets/Mannequin/Mesh/SK_Mannequin_PhysicsAsset.uasset" 614
"D:/UE4 Projects/EndlessRunner/EndlessRunner/Content/_GameAssets/Mannequin/Mesh/SK_Mannequin_PhysicsAsset.uexp" 615
"D:/UE4 Projects/EndlessRunner/EndlessRunner/Content/_GameAssets/Mannequin/Textures/UE4Man_Logo_N.uasset" 616
"D:/UE4 Projects/EndlessRunner/EndlessRunner/Content/_GameAssets/Mannequin/Textures/UE4Man_Logo_N.uexp" 617
"D:/UE4 Projects/EndlessRunner/EndlessRunner/Content/_GameAssets/Mannequin/Textures/UE4Man_Logo_N.ubulk" 618
"D:/UE4 Projects/EndlessRunner/EndlessRunner/Content/_GameAssets/Mannequin/Textures/UE4_Mannequin_MAT_MASKA.uasset" 619
"D:/UE4 Projects/EndlessRunner/EndlessRunner/Content/_GameAssets/Mannequin/Textures/UE4_Mannequin_MAT_MASKA.uexp" 620
"D:/UE4 Projects/EndlessRunner/EndlessRunner/Content/_GameAssets/Mannequin/Textures/UE4_Mannequin_MAT_MASKA.ubulk" 621
"D:/UE4 Projects/EndlessRunner/EndlessRunner/Content/_GameAssets/Mannequin/Textures/UE4_Mannequin__normals.uasset" 622
"D:/UE4 Projects/EndlessRunner/EndlessRunner/Content/_GameAssets/Mannequin/Textures/UE4_Mannequin__normals.uexp" 623
"D:/UE4 Projects/EndlessRunner/EndlessRunner/Content/_GameAssets/Mannequin/Textures/UE4_Mannequin__normals.ubulk" 624
"D:/UE4 Projects/EndlessRunner/EndlessRunner/Content/_GameAssets/Mannequin/Textures/UE4_LOGO_CARD.uasset" 625
"D:/UE4 Projects/EndlessRunner/EndlessRunner/Content/_GameAssets/Mannequin/Textures/UE4_LOGO_CARD.uexp" 626
"D:/UE4 Projects/EndlessRunner/EndlessRunner/Content/_GameAssets/Mannequin/Textures/UE4_LOGO_CARD.ubulk" 627
"D:/UE4 Projects/EndlessRunner/EndlessRunner/Content/_GameAssets/Mannequin/Materials/MaterialLayers/T_ML_Rubber_Blue_01_N.uasset" 628
"D:/UE4 Projects/EndlessRunner/EndlessRunner/Content/_GameAssets/Mannequin/Materials/MaterialLayers/T_ML_Rubber_Blue_01_N.uexp" 629
"D:/UE4 Projects/EndlessRunner/EndlessRunner/Content/_GameAssets/Mannequin/Materials/MaterialLayers/T_ML_Rubber_Blue_01_N.ubulk" 630
"D:/UE4 Projects/EndlessRunner/EndlessRunner/Content/_GameAssets/Mannequin/Materials/MaterialLayers/T_ML_Rubber_Blue_01_D.uasset" 631
"D:/UE4 Projects/EndlessRunner/EndlessRunner/Content/_GameAssets/Mannequin/Materials/MaterialLayers/T_ML_Rubber_Blue_01_D.uexp" 632
"D:/UE4 Projects/EndlessRunner/EndlessRunner/Content/_GameAssets/Mannequin/Materials/MaterialLayers/T_ML_Rubber_Blue_01_D.ubulk" 633
"D:/UE4 Projects/EndlessRunner/EndlessRunner/Content/_GameAssets/Mannequin/Materials/MaterialLayers/T_ML_Aluminum01_N.uasset" 634
"D:/UE4 Projects/EndlessRunner/EndlessRunner/Content/_GameAssets/Mannequin/Materials/MaterialLayers/T_ML_Aluminum01_N.uexp" 635
"D:/UE4 Projects/EndlessRunner/EndlessRunner/Content/_GameAssets/Mannequin/Materials/MaterialLayers/T_ML_Aluminum01_N.ubulk" 636
"D:/UE4 Projects/EndlessRunner/EndlessRunner/Content/_GameAssets/Mannequin/Materials/MaterialLayers/T_ML_Aluminum01.uasset" 637
"D:/UE4 Projects/EndlessRunner/EndlessRunner/Content/_GameAssets/Mannequin/Materials/MaterialLayers/T_ML_Aluminum01.uexp" 638
"D:/UE4 Projects/EndlessRunner/EndlessRunner/Content/_GameAssets/Mannequin/Materials/MaterialLayers/T_ML_Aluminum01.ubulk" 639
"D:/UE4 Projects/EndlessRunner/EndlessRunner/Content/_GameAssets/Mannequin/Materials/MaterialLayers/ML_SoftMetal_UE4.uasset" 640
"D:/UE4 Projects/EndlessRunner/EndlessRunner/Content/_GameAssets/Mannequin/Materials/MaterialLayers/ML_SoftMetal_UE4.uexp" 641
"D:/UE4 Projects/EndlessRunner/EndlessRunner/Content/_GameAssets/Mannequin/Materials/MaterialLayers/ML_Plastic_Shiny_Beige_LOGO.uasset" 642
"D:/UE4 Projects/EndlessRunner/EndlessRunner/Content/_GameAssets/Mannequin/Materials/MaterialLayers/ML_Plastic_Shiny_Beige_LOGO.uexp" 643
"D:/UE4 Projects/EndlessRunner/EndlessRunner/Content/_GameAssets/Mannequin/Materials/MaterialLayers/ML_Plastic_Shiny_Beige.uasset" 644
"D:/UE4 Projects/EndlessRunner/EndlessRunner/Content/_GameAssets/Mannequin/Materials/MaterialLayers/ML_Plastic_Shiny_Beige.uexp" 645
"D:/UE4 Projects/EndlessRunner/EndlessRunner/Content/_GameAssets/Mannequin/Materials/MaterialLayers/ML_GlossyBlack_Latex_UE4.uasset" 646
"D:/UE4 Projects/EndlessRunner/EndlessRunner/Content/_GameAssets/Mannequin/Materials/MaterialLayers/ML_GlossyBlack_Latex_UE4.uexp" 647
"../../../Engine/Content/Functions/MaterialLayerFunctions/MatLayerBlend_Simple.uasset" 648
"../../../Engine/Content/Functions/MaterialLayerFunctions/MatLayerBlend_Simple.uexp" 649
"../../../Engine/Content/Functions/MaterialLayerFunctions/MatLayerBlend_NormalBlend.uasset" 650
"../../../Engine/Content/Functions/MaterialLayerFunctions/MatLayerBlend_NormalBlend.uexp" 651
"D:/UE4 Projects/EndlessRunner/EndlessRunner/Content/_GameAssets/Mannequin/Materials/M_UE4Man_Body.uasset" 652
"D:/UE4 Projects/EndlessRunner/EndlessRunner/Content/_GameAssets/Mannequin/Materials/M_UE4Man_Body.uexp" 653
"D:/UE4 Projects/EndlessRunner/EndlessRunner/Content/_GameAssets/Mannequin/Materials/M_UE4Man_ChestLogo.uasset" 654
"D:/UE4 Projects/EndlessRunner/EndlessRunner/Content/_GameAssets/Mannequin/Materials/M_UE4Man_ChestLogo.uexp" 655
"D:/UE4 Projects/EndlessRunner/EndlessRunner/Content/_GameAssets/Mannequin/Mesh/SK_Mannequin.uasset" 656
"D:/UE4 Projects/EndlessRunner/EndlessRunner/Content/_GameAssets/Mannequin/Mesh/SK_Mannequin.uexp" 657
"D:/UE4 Projects/EndlessRunner/EndlessRunner/Content/_GameAssets/Audio/Explosion01.uasset" 658
"D:/UE4 Projects/EndlessRunner/EndlessRunner/Content/_GameAssets/Audio/Explosion01.uexp" 659
"D:/UE4 Projects/EndlessRunner/EndlessRunner/Content/_GameAssets/Mannequin/Animations/ThirdPersonIdle.uasset" 660
"D:/UE4 Projects/EndlessRunner/EndlessRunner/Content/_GameAssets/Mannequin/Animations/ThirdPersonIdle.uexp" 661
"D:/UE4 Projects/EndlessRunner/EndlessRunner/Content/_GameAssets/Mannequin/Animations/ThirdPersonRun.uasset" 662
"D:/UE4 Projects/EndlessRunner/EndlessRunner/Content/_GameAssets/Mannequin/Animations/ThirdPersonRun.uexp" 663
"D:/UE4 Projects/EndlessRunner/EndlessRunner/Content/_GameAssets/Mannequin/Animations/ThirdPersonWalk.uasset" 664
"D:/UE4 Projects/EndlessRunner/EndlessRunner/Content/_GameAssets/Mannequin/Animations/ThirdPersonWalk.uexp" 665
"D:/UE4 Projects/EndlessRunner/EndlessRunner/Content/_Game/Animation/BS_Mannequin.uasset" 666
"D:/UE4 Projects/EndlessRunner/EndlessRunner/Content/_Game/Animation/BS_Mannequin.uexp" 667
"D:/UE4 Projects/EndlessRunner/EndlessRunner/Content/_GameAssets/Mannequin/Animations/ThirdPersonJump_Start.uasset" 668
"D:/UE4 Projects/EndlessRunner/EndlessRunner/Content/_GameAssets/Mannequin/Animations/ThirdPersonJump_Start.uexp" 669
"D:/UE4 Projects/EndlessRunner/EndlessRunner/Content/_GameAssets/Mannequin/Animations/ThirdPersonJump_End.uasset" 670
"D:/UE4 Projects/EndlessRunner/EndlessRunner/Content/_GameAssets/Mannequin/Animations/ThirdPersonJump_End.uexp" 671
"D:/UE4 Projects/EndlessRunner/EndlessRunner/Content/_GameAssets/Mannequin/Animations/ThirdPersonJump_Loop.uasset" 672
"D:/UE4 Projects/EndlessRunner/EndlessRunner/Content/_GameAssets/Mannequin/Animations/ThirdPersonJump_Loop.uexp" 673
"D:/UE4 Projects/EndlessRunner/EndlessRunner/Content/_Game/Animation/BA_Manneguin.uasset" 674
"D:/UE4 Projects/EndlessRunner/EndlessRunner/Content/_Game/Animation/BA_Manneguin.uexp" 675
"D:/UE4 Projects/EndlessRunner/EndlessRunner/Content/_Game/Blueprints/BP_RunCharacter.uasset" 676
"D:/UE4 Projects/EndlessRunner/EndlessRunner/Content/_Game/Blueprints/BP_RunCharacter.uexp" 677
"D:/UE4 Projects/EndlessRunner/EndlessRunner/Content/_GameAssets/Meshes/Textures/T_MacroVariation.uasset" 678
"D:/UE4 Projects/EndlessRunner/EndlessRunner/Content/_GameAssets/Meshes/Textures/T_MacroVariation.uexp" 679
"D:/UE4 Projects/EndlessRunner/EndlessRunner/Content/_GameAssets/Meshes/Materials/M_Tech_Hex_Tile_Pulse.uasset" 680
"D:/UE4 Projects/EndlessRunner/EndlessRunner/Content/_GameAssets/Meshes/Materials/M_Tech_Hex_Tile_Pulse.uexp" 681
"D:/UE4 Projects/EndlessRunner/EndlessRunner/Content/_GameAssets/Meshes/Materials/M_Metal.uasset" 682
"D:/UE4 Projects/EndlessRunner/EndlessRunner/Content/_GameAssets/Meshes/Materials/M_Metal.uexp" 683
"D:/UE4 Projects/EndlessRunner/EndlessRunner/Content/_GameAssets/Meshes/FloorTile_Std.uasset" 684
"D:/UE4 Projects/EndlessRunner/EndlessRunner/Content/_GameAssets/Meshes/FloorTile_Std.uexp" 685
"D:/UE4 Projects/EndlessRunner/EndlessRunner/Content/_GameAssets/Meshes/Materials/M_Tech_Hex_Tile_Pulse1.uasset" 686
"D:/UE4 Projects/EndlessRunner/EndlessRunner/Content/_GameAssets/Meshes/Materials/M_Tech_Hex_Tile_Pulse1.uexp" 687
"D:/UE4 Projects/EndlessRunner/EndlessRunner/Content/_GameAssets/Meshes/SM_Obstacle_Small.uasset" 688
"D:/UE4 Projects/EndlessRunner/EndlessRunner/Content/_GameAssets/Meshes/SM_Obstacle_Small.uexp" 689
"D:/UE4 Projects/EndlessRunner/EndlessRunner/Content/_Game/Blueprints/BP_Obstacle_Small.uasset" 690
"D:/UE4 Projects/EndlessRunner/EndlessRunner/Content/_Game/Blueprints/BP_Obstacle_Small.uexp" 691
"D:/UE4 Projects/EndlessRunner/EndlessRunner/Content/_GameAssets/Meshes/SM_Obstacle_Big.uasset" 692
"D:/UE4 Projects/EndlessRunner/EndlessRunner/Content/_GameAssets/Meshes/SM_Obstacle_Big.uexp" 693
"D:/UE4 Projects/EndlessRunner/EndlessRunner/Content/_Game/Blueprints/BP_Obstacle_Big.uasset" 694
"D:/UE4 Projects/EndlessRunner/EndlessRunner/Content/_Game/Blueprints/BP_Obstacle_Big.uexp" 695
"D:/UE4 Projects/EndlessRunner/EndlessRunner/Content/_GameAssets/Meshes/Textures/T_UnrealEngineDecal.uasset" 696
"D:/UE4 Projects/EndlessRunner/EndlessRunner/Content/_GameAssets/Meshes/Textures/T_UnrealEngineDecal.uexp" 697
"D:/UE4 Projects/EndlessRunner/EndlessRunner/Content/_GameAssets/Meshes/Materials/M_Pickup_Coin.uasset" 698
"D:/UE4 Projects/EndlessRunner/EndlessRunner/Content/_GameAssets/Meshes/Materials/M_Pickup_Coin.uexp" 699
"D:/UE4 Projects/EndlessRunner/EndlessRunner/Content/_GameAssets/Meshes/SM_Pickup_Coin.uasset" 700
"D:/UE4 Projects/EndlessRunner/EndlessRunner/Content/_GameAssets/Meshes/SM_Pickup_Coin.uexp" 701
"D:/UE4 Projects/EndlessRunner/EndlessRunner/Content/_GameAssets/Audio/253172__suntemple__retro-bonus-pickup-sfx.uasset" 702
"D:/UE4 Projects/EndlessRunner/EndlessRunner/Content/_GameAssets/Audio/253172__suntemple__retro-bonus-pickup-sfx.uexp" 703
"D:/UE4 Projects/EndlessRunner/EndlessRunner/Content/_Game/Blueprints/BP_Coin.uasset" 704
"D:/UE4 Projects/EndlessRunner/EndlessRunner/Content/_Game/Blueprints/BP_Coin.uexp" 705
"D:/UE4 Projects/EndlessRunner/EndlessRunner/Content/_Game/Blueprints/BP_FloorTile.uasset" 706
"D:/UE4 Projects/EndlessRunner/EndlessRunner/Content/_Game/Blueprints/BP_FloorTile.uexp" 707
"D:/UE4 Projects/EndlessRunner/EndlessRunner/Content/_Game/Blueprints/BP_MainLevel_GM.uasset" 708
"D:/UE4 Projects/EndlessRunner/EndlessRunner/Content/_Game/Blueprints/BP_MainLevel_GM.uexp" 709
"D:/UE4 Projects/EndlessRunner/EndlessRunner/Content/_Game/Maps/MainLevel.uexp" 710
"D:/UE4 Projects/EndlessRunner/EndlessRunner/Content/_Game/Maps/MainLevel.umap" 711
"D:/UE4 Projects/EndlessRunner/EndlessRunner/Content/_Game/Maps/MainMenu_BuiltData.uasset" 712
"D:/UE4 Projects/EndlessRunner/EndlessRunner/Content/_Game/Maps/MainMenu_BuiltData.uexp" 713
"D:/UE4 Projects/EndlessRunner/EndlessRunner/Content/_Game/Maps/MainMenu_BuiltData.ubulk" 714
"D:/UE4 Projects/EndlessRunner/EndlessRunner/Content/_GameAssets/T_Start_Btn.uasset" 715
"D:/UE4 Projects/EndlessRunner/EndlessRunner/Content/_GameAssets/T_Start_Btn.uexp" 716
"D:/UE4 Projects/EndlessRunner/EndlessRunner/Content/_GameAssets/T_Quit_Btn.uasset" 717
"D:/UE4 Projects/EndlessRunner/EndlessRunner/Content/_GameAssets/T_Quit_Btn.uexp" 718
"D:/UE4 Projects/EndlessRunner/EndlessRunner/Content/_GameAssets/T_EndlessRunner.uasset" 719
"D:/UE4 Projects/EndlessRunner/EndlessRunner/Content/_GameAssets/T_EndlessRunner.uexp" 720
"D:/UE4 Projects/EndlessRunner/EndlessRunner/Content/_Game/UMG/Widget_MainMenu.uasset" 721
"D:/UE4 Projects/EndlessRunner/EndlessRunner/Content/_Game/UMG/Widget_MainMenu.uexp" 722
"D:/UE4 Projects/EndlessRunner/EndlessRunner/Content/_Game/Blueprints/BP_MainMenu_GM.uasset" 723
"D:/UE4 Projects/EndlessRunner/EndlessRunner/Content/_Game/Blueprints/BP_MainMenu_GM.uexp" 724
"D:/UE4 Projects/EndlessRunner/EndlessRunner/Content/_Game/Maps/MainMenu.uexp" 725
"D:/UE4 Projects/EndlessRunner/EndlessRunner/Content/_Game/Maps/MainMenu.umap" 726
"../../../Engine/Content/Maps/Entry_BuiltData.uasset" 727
"../../../Engine/Content/Maps/Entry_BuiltData.uexp" 728
"../../../Engine/Content/Maps/Entry.uexp" 729
"../../../Engine/Content/Maps/Entry.umap" 730
